0 info it worked if it ends with ok
1 verbose cli [ 'node', '/usr/local/bin/npm', 'install', 'angularfire' ]
2 info using npm@1.4.9
3 info using node@v0.10.28
4 warn package.json healthynetwork@0.0.0 No description
5 warn package.json healthynetwork@0.0.0 No repository field.
6 warn package.json healthynetwork@0.0.0 No README data
7 verbose readDependencies using package.json deps
8 verbose cache add [ 'angularfire', null ]
9 verbose cache add name=undefined spec="angularfire" args=["angularfire",null]
10 verbose parsed url { protocol: null,
10 verbose parsed url   slashes: null,
10 verbose parsed url   auth: null,
10 verbose parsed url   host: null,
10 verbose parsed url   port: null,
10 verbose parsed url   hostname: null,
10 verbose parsed url   hash: null,
10 verbose parsed url   search: null,
10 verbose parsed url   query: null,
10 verbose parsed url   pathname: 'angularfire',
10 verbose parsed url   path: 'angularfire',
10 verbose parsed url   href: 'angularfire' }
11 silly lockFile d327749f-angularfire angularfire
12 verbose lock angularfire /Users/andrewraynal/.npm/d327749f-angularfire.lock
13 silly lockFile d327749f-angularfire angularfire
14 silly lockFile d327749f-angularfire angularfire
15 verbose addNamed [ 'angularfire', '' ]
16 verbose addNamed [ null, '*' ]
17 silly lockFile 7dc4e5e4-angularfire angularfire@
18 verbose lock angularfire@ /Users/andrewraynal/.npm/7dc4e5e4-angularfire.lock
19 silly addNameRange { name: 'angularfire', range: '*', hasData: false }
20 verbose url raw angularfire
21 verbose url resolving [ 'https://registry.npmjs.org/', './angularfire' ]
22 verbose url resolved https://registry.npmjs.org/angularfire
23 info trying registry request attempt 1 at 18:19:43
24 http GET https://registry.npmjs.org/angularfire
25 http 404 https://registry.npmjs.org/angularfire
26 verbose headers { date: 'Sat, 07 Jun 2014 22:19:44 GMT',
26 verbose headers   server: 'CouchDB/1.5.0 (Erlang OTP/R14B04)',
26 verbose headers   'content-type': 'application/json',
26 verbose headers   via: '1.1 varnish',
26 verbose headers   'cache-control': 'max-age=0',
26 verbose headers   'content-length': '52',
26 verbose headers   'accept-ranges': 'bytes',
26 verbose headers   age: '0',
26 verbose headers   'x-served-by': 'cache-sv61-SJC3, cache-ord1723-ORD',
26 verbose headers   'x-cache': 'MISS, MISS',
26 verbose headers   'x-cache-hits': '0, 0',
26 verbose headers   'x-timer': 'S1402179584.184187,VS0,VE89',
26 verbose headers   'keep-alive': 'timeout=10, max=50',
26 verbose headers   connection: 'Keep-Alive' }
27 silly registry.get cb [ 404,
27 silly registry.get   { date: 'Sat, 07 Jun 2014 22:19:44 GMT',
27 silly registry.get     server: 'CouchDB/1.5.0 (Erlang OTP/R14B04)',
27 silly registry.get     'content-type': 'application/json',
27 silly registry.get     via: '1.1 varnish',
27 silly registry.get     'cache-control': 'max-age=0',
27 silly registry.get     'content-length': '52',
27 silly registry.get     'accept-ranges': 'bytes',
27 silly registry.get     age: '0',
27 silly registry.get     'x-served-by': 'cache-sv61-SJC3, cache-ord1723-ORD',
27 silly registry.get     'x-cache': 'MISS, MISS',
27 silly registry.get     'x-cache-hits': '0, 0',
27 silly registry.get     'x-timer': 'S1402179584.184187,VS0,VE89',
27 silly registry.get     'keep-alive': 'timeout=10, max=50',
27 silly registry.get     connection: 'Keep-Alive' } ]
28 silly lockFile 7dc4e5e4-angularfire angularfire@
29 silly lockFile 7dc4e5e4-angularfire angularfire@
30 error 404 404 Not Found: angularfire
30 error 404
30 error 404 'angularfire' is not in the npm registry.
30 error 404 You should bug the author to publish it
30 error 404 It was specified as a dependency of 'healthynetwork'
30 error 404
30 error 404 Note that you can also install from a
30 error 404 tarball, folder, or http url, or git url.
31 error System Darwin 13.2.0
32 error command "node" "/usr/local/bin/npm" "install" "angularfire"
33 error cwd /Users/andrewraynal/Documents/healthynetwork
34 error node -v v0.10.28
35 error npm -v 1.4.9
36 error code E404
37 verbose exit [ 1, true ]
